<?xml version="1.0" encoding="UTF-8"?>
<!-- Generated by org.testng.reporters.JUnitXMLReporter -->
<testsuite hostname="Harmeet-PC" ignored="0" name="Default test" tests="5" failures="0" timestamp="2020-04-03T14:10:08 IST" time="46.233" errors="0">
  <testcase name="Draggable" time="6.891" classname="com.pcs.toolsqa.Interactions"/>
  <testcase name="Resizable" time="2.167" classname="com.pcs.toolsqa.Interactions"/>
  <testcase name="Sortable" time="1.782" classname="com.pcs.toolsqa.Interactions"/>
  <testcase name="Selectable" time="2.275" classname="com.pcs.toolsqa.Interactions"/>
  <testcase name="Droppable" time="2.176" classname="com.pcs.toolsqa.Interactions"/>
</testsuite> <!-- Default test -->
